<?xml version="1.0" encoding="UTF-8"?>
<!-- Generated by org.testng.reporters.JUnitXMLReporter -->
<testsuite hostname="ACER" ignored="0" name="Default test" tests="4" failures="0" timestamp="07 Sep 2020 16:43:15 GMT" time="39.37" errors="0">
  <testcase name="VerifyBlankCreds" time="0.711" classname="com.TestCases.ClarionTest"/>
  <testcase name="VerifyLogin" time="1.79" classname="com.TestCases.ClarionTest"/>
  <testcase name="AddPromise" time="3.732" classname="com.TestCases.ClarionTest"/>
  <testcase name="VerifyPromise" time="8.163" classname="com.TestCases.ClarionTest"/>
</testsuite> <!-- Default test -->
